<?xml version="1.0" encoding="UTF-8"?>
<!-- Generated by org.testng.reporters.JUnitXMLReporter -->
<testsuite ignored="8" hostname="LAPTOP-BB9R4924" failures="0" tests="5" name="Test" time="22.176" errors="0" timestamp="2025-09-08T13:16:11 IST">
  <testcase classname="com.opencart.tests.CheckoutTest" name="testCheckoutProcess" time="0.479"/>
  <testcase classname="com.opencart.tests.AddToCartTest" name="testAddProductToCart" time="1.187"/>
  <testcase classname="com.opencart.tests.RegisterTest" name="testRegisterUser" time="3.661"/>
  <testcase classname="com.opencart.tests.LogoutTest" name="testLogout" time="2.061"/>
  <testcase classname="com.opencart.tests.LoginTest" name="testValidLogin" time="1.427"/>
  <testcase classname="com.opencart.base.Base" name="@AfterSuite flushReport" time="0.0">
    <ignored/>
  </testcase> <!-- @AfterSuite flushReport -->
  <testcase classname="com.opencart.base.Base" name="@AfterSuite flushReport" time="0.0">
    <ignored/>
  </testcase> <!-- @AfterSuite flushReport -->
  <testcase classname="com.opencart.base.Base" name="@AfterSuite flushReport" time="0.0">
    <ignored/>
  </testcase> <!-- @AfterSuite flushReport -->
  <testcase classname="com.opencart.base.Base" name="@BeforeSuite setupReport" time="0.0">
    <ignored/>
  </testcase> <!-- @BeforeSuite setupReport -->
  <testcase classname="com.opencart.base.Base" name="@BeforeSuite setupReport" time="0.0">
    <ignored/>
  </testcase> <!-- @BeforeSuite setupReport -->
  <testcase classname="com.opencart.base.Base" name="@BeforeSuite setupReport" time="0.0">
    <ignored/>
  </testcase> <!-- @BeforeSuite setupReport -->
  <testcase classname="com.opencart.base.Base" name="@AfterSuite flushReport" time="0.0">
    <ignored/>
  </testcase> <!-- @AfterSuite flushReport -->
  <testcase classname="com.opencart.base.Base" name="@BeforeSuite setupReport" time="0.0">
    <ignored/>
  </testcase> <!-- @BeforeSuite setupReport -->
</testsuite> <!-- Test -->
