<?xml version="1.0" encoding="UTF-8"?>
<testng-results ignored="0" total="5" passed="5" failed="0" skipped="0">
  <reporter-output>
  </reporter-output>
  <suite started-at="2025-09-08T13:15:49 IST" name="Suite" finished-at="2025-09-08T13:16:11 IST" duration-ms="22176">
    <groups>
    </groups>
    <test started-at="2025-09-08T13:15:49 IST" name="Test" finished-at="2025-09-08T13:16:11 IST" duration-ms="22176">
      <class name="com.opencart.tests.LogoutTest">
        <test-method is-config="true" signature="setup(java.lang.reflect.Method)[pri:0, instance:com.opencart.tests.LogoutTest@61322f9d]" started-at="2025-09-08T13:16:03 IST" name="setup" finished-at="2025-09-08T13:16:05 IST" duration-ms="1458" status="PASS">
          <params>
            <param index="0">
              <value>
                <![CDATA[public void com.opencart.tests.LogoutTest.testLogout()]]>
              </value>
            </param>
          </params>
          <reporter-output>
          </reporter-output>
        </test-method> <!-- setup -->
        <test-method signature="testLogout()[pri:5, instance:com.opencart.tests.LogoutTest@61322f9d]" started-at="2025-09-08T13:16:05 IST" name="testLogout" finished-at="2025-09-08T13:16:07 IST" duration-ms="2061" status="PASS">
          <reporter-output>
          </reporter-output>
        </test-method> <!-- testLogout -->
        <test-method is-config="true" signature="tearDown(org.testng.ITestResult)[pri:0, instance:com.opencart.tests.LogoutTest@61322f9d]" started-at="2025-09-08T13:16:07 IST" name="tearDown" finished-at="2025-09-08T13:16:07 IST" duration-ms="562" status="PASS">
          <params>
            <param index="0">
              <value>
                <![CDATA[[TestResult name=testLogout status=SUCCESS method=LogoutTest.testLogout()[pri:5, instance:com.opencart.tests.LogoutTest@61322f9d] output={null}]]]>
              </value>
            </param>
          </params>
          <reporter-output>
          </reporter-output>
        </test-method> <!-- tearDown -->
      </class> <!-- com.opencart.tests.LogoutTest -->
      <class name="com.opencart.tests.LoginTest">
        <test-method is-config="true" signature="setup(java.lang.reflect.Method)[pri:0, instance:com.opencart.tests.LoginTest@6ad82709]" started-at="2025-09-08T13:16:07 IST" name="setup" finished-at="2025-09-08T13:16:09 IST" duration-ms="1542" status="PASS">
          <params>
            <param index="0">
              <value>
                <![CDATA[public void com.opencart.tests.LoginTest.testValidLogin()]]>
              </value>
            </param>
          </params>
          <reporter-output>
          </reporter-output>
        </test-method> <!-- setup -->
        <test-method signature="testValidLogin()[pri:2, instance:com.opencart.tests.LoginTest@6ad82709]" started-at="2025-09-08T13:16:09 IST" name="testValidLogin" finished-at="2025-09-08T13:16:10 IST" duration-ms="1427" status="PASS">
          <reporter-output>
          </reporter-output>
        </test-method> <!-- testValidLogin -->
        <test-method is-config="true" signature="tearDown(org.testng.ITestResult)[pri:0, instance:com.opencart.tests.LoginTest@6ad82709]" started-at="2025-09-08T13:16:10 IST" name="tearDown" finished-at="2025-09-08T13:16:11 IST" duration-ms="576" status="PASS">
          <params>
            <param index="0">
              <value>
                <![CDATA[[TestResult name=testValidLogin status=SUCCESS method=LoginTest.testValidLogin()[pri:2, instance:com.opencart.tests.LoginTest@6ad82709] output={null}]]]>
              </value>
            </param>
          </params>
          <reporter-output>
          </reporter-output>
        </test-method> <!-- tearDown -->
      </class> <!-- com.opencart.tests.LoginTest -->
      <class name="com.opencart.tests.CheckoutTest">
        <test-method is-config="true" signature="setupReport()[pri:0, instance:com.opencart.tests.CheckoutTest@752325ad]" started-at="2025-09-08T13:15:48 IST" name="setupReport" finished-at="2025-09-08T13:15:49 IST" duration-ms="321" status="PASS">
          <reporter-output>
          </reporter-output>
        </test-method> <!-- setupReport -->
        <test-method is-config="true" signature="setup(java.lang.reflect.Method)[pri:0, instance:com.opencart.tests.CheckoutTest@752325ad]" started-at="2025-09-08T13:15:49 IST" name="setup" finished-at="2025-09-08T13:15:52 IST" duration-ms="3234" status="PASS">
          <params>
            <param index="0">
              <value>
                <![CDATA[public void com.opencart.tests.CheckoutTest.testCheckoutProcess()]]>
              </value>
            </param>
          </params>
          <reporter-output>
          </reporter-output>
        </test-method> <!-- setup -->
        <test-method signature="testCheckoutProcess()[pri:3, instance:com.opencart.tests.CheckoutTest@752325ad]" started-at="2025-09-08T13:15:52 IST" name="testCheckoutProcess" finished-at="2025-09-08T13:15:52 IST" duration-ms="479" status="PASS">
          <reporter-output>
          </reporter-output>
        </test-method> <!-- testCheckoutProcess -->
        <test-method is-config="true" signature="tearDown(org.testng.ITestResult)[pri:0, instance:com.opencart.tests.CheckoutTest@752325ad]" started-at="2025-09-08T13:15:52 IST" name="tearDown" finished-at="2025-09-08T13:15:53 IST" duration-ms="575" status="PASS">
          <params>
            <param index="0">
              <value>
                <![CDATA[[TestResult name=testCheckoutProcess status=SUCCESS method=CheckoutTest.testCheckoutProcess()[pri:3, instance:com.opencart.tests.CheckoutTest@752325ad] output={null}]]]>
              </value>
            </param>
          </params>
          <reporter-output>
          </reporter-output>
        </test-method> <!-- tearDown -->
        <test-method is-config="true" signature="flushReport()[pri:0, instance:com.opencart.tests.CheckoutTest@752325ad]" started-at="2025-09-08T13:16:11 IST" name="flushReport" finished-at="2025-09-08T13:16:11 IST" duration-ms="272" status="PASS">
          <reporter-output>
          </reporter-output>
        </test-method> <!-- flushReport -->
      </class> <!-- com.opencart.tests.CheckoutTest -->
      <class name="com.opencart.tests.AddToCartTest">
        <test-method is-config="true" signature="setup(java.lang.reflect.Method)[pri:0, instance:com.opencart.tests.AddToCartTest@1ff4931d]" started-at="2025-09-08T13:15:53 IST" name="setup" finished-at="2025-09-08T13:15:55 IST" duration-ms="1738" status="PASS">
          <params>
            <param index="0">
              <value>
                <![CDATA[public void com.opencart.tests.AddToCartTest.testAddProductToCart()]]>
              </value>
            </param>
          </params>
          <reporter-output>
          </reporter-output>
        </test-method> <!-- setup -->
        <test-method signature="testAddProductToCart()[pri:2, instance:com.opencart.tests.AddToCartTest@1ff4931d]" started-at="2025-09-08T13:15:55 IST" name="testAddProductToCart" finished-at="2025-09-08T13:15:56 IST" duration-ms="1187" status="PASS">
          <reporter-output>
          </reporter-output>
        </test-method> <!-- testAddProductToCart -->
        <test-method is-config="true" signature="tearDown(org.testng.ITestResult)[pri:0, instance:com.opencart.tests.AddToCartTest@1ff4931d]" started-at="2025-09-08T13:15:56 IST" name="tearDown" finished-at="2025-09-08T13:15:56 IST" duration-ms="615" status="PASS">
          <params>
            <param index="0">
              <value>
                <![CDATA[[TestResult name=testAddProductToCart status=SUCCESS method=AddToCartTest.testAddProductToCart()[pri:2, instance:com.opencart.tests.AddToCartTest@1ff4931d] output={null}]]]>
              </value>
            </param>
          </params>
          <reporter-output>
          </reporter-output>
        </test-method> <!-- tearDown -->
      </class> <!-- com.opencart.tests.AddToCartTest -->
      <class name="com.opencart.tests.RegisterTest">
        <test-method is-config="true" signature="setup(java.lang.reflect.Method)[pri:0, instance:com.opencart.tests.RegisterTest@65e98b1c]" started-at="2025-09-08T13:15:56 IST" name="setup" finished-at="2025-09-08T13:15:59 IST" duration-ms="2412" status="PASS">
          <params>
            <param index="0">
              <value>
                <![CDATA[public void com.opencart.tests.RegisterTest.testRegisterUser()]]>
              </value>
            </param>
          </params>
          <reporter-output>
          </reporter-output>
        </test-method> <!-- setup -->
        <test-method signature="testRegisterUser()[pri:1, instance:com.opencart.tests.RegisterTest@65e98b1c]" started-at="2025-09-08T13:15:59 IST" name="testRegisterUser" finished-at="2025-09-08T13:16:03 IST" duration-ms="3661" status="PASS">
          <reporter-output>
          </reporter-output>
        </test-method> <!-- testRegisterUser -->
        <test-method is-config="true" signature="tearDown(org.testng.ITestResult)[pri:0, instance:com.opencart.tests.RegisterTest@65e98b1c]" started-at="2025-09-08T13:16:03 IST" name="tearDown" finished-at="2025-09-08T13:16:03 IST" duration-ms="592" status="PASS">
          <params>
            <param index="0">
              <value>
                <![CDATA[[TestResult name=testRegisterUser status=SUCCESS method=RegisterTest.testRegisterUser()[pri:1, instance:com.opencart.tests.RegisterTest@65e98b1c] output={null}]]]>
              </value>
            </param>
          </params>
          <reporter-output>
          </reporter-output>
        </test-method> <!-- tearDown -->
      </class> <!-- com.opencart.tests.RegisterTest -->
    </test> <!-- Test -->
  </suite> <!-- Suite -->
</testng-results>
