<?xml version="1.0" encoding="UTF-8"?>
<testng-results ignored="0" total="5" passed="5" failed="0" skipped="0">
  <reporter-output>
  </reporter-output>
  <suite started-at="2025-09-07T23:47:05 IST" name="Suite" finished-at="2025-09-07T23:47:25 IST" duration-ms="20468">
    <groups>
    </groups>
    <test started-at="2025-09-07T23:47:05 IST" name="Test" finished-at="2025-09-07T23:47:25 IST" duration-ms="20468">
      <class name="com.opencart.tests.LogoutTest">
        <test-method is-config="true" signature="setup(java.lang.reflect.Method)[pri:0, instance:com.opencart.tests.LogoutTest@61322f9d]" started-at="2025-09-07T23:47:18 IST" name="setup" finished-at="2025-09-07T23:47:19 IST" duration-ms="1433" status="PASS">
          <params>
            <param index="0">
              <value>
                <![CDATA[public void com.opencart.tests.LogoutTest.testLogout()]]>
              </value>
            </param>
          </params>
          <reporter-output>
          </reporter-output>
        </test-method> <!-- setup -->
        <test-method signature="testLogout()[pri:5, instance:com.opencart.tests.LogoutTest@61322f9d]" started-at="2025-09-07T23:47:19 IST" name="testLogout" finished-at="2025-09-07T23:47:21 IST" duration-ms="1897" status="PASS">
          <reporter-output>
          </reporter-output>
        </test-method> <!-- testLogout -->
        <test-method is-config="true" signature="tearDown(org.testng.ITestResult)[pri:0, instance:com.opencart.tests.LogoutTest@61322f9d]" started-at="2025-09-07T23:47:21 IST" name="tearDown" finished-at="2025-09-07T23:47:22 IST" duration-ms="554" status="PASS">
          <params>
            <param index="0">
              <value>
                <![CDATA[[TestResult name=testLogout status=SUCCESS method=LogoutTest.testLogout()[pri:5, instance:com.opencart.tests.LogoutTest@61322f9d] output={null}]]]>
              </value>
            </param>
          </params>
          <reporter-output>
          </reporter-output>
        </test-method> <!-- tearDown -->
      </class> <!-- com.opencart.tests.LogoutTest -->
      <class name="com.opencart.tests.LoginTest">
        <test-method is-config="true" signature="setup(java.lang.reflect.Method)[pri:0, instance:com.opencart.tests.LoginTest@6ad82709]" started-at="2025-09-07T23:47:22 IST" name="setup" finished-at="2025-09-07T23:47:23 IST" duration-ms="1435" status="PASS">
          <params>
            <param index="0">
              <value>
                <![CDATA[public void com.opencart.tests.LoginTest.testValidLogin()]]>
              </value>
            </param>
          </params>
          <reporter-output>
          </reporter-output>
        </test-method> <!-- setup -->
        <test-method signature="testValidLogin()[pri:2, instance:com.opencart.tests.LoginTest@6ad82709]" started-at="2025-09-07T23:47:23 IST" name="testValidLogin" finished-at="2025-09-07T23:47:25 IST" duration-ms="1480" status="PASS">
          <reporter-output>
          </reporter-output>
        </test-method> <!-- testValidLogin -->
        <test-method is-config="true" signature="tearDown(org.testng.ITestResult)[pri:0, instance:com.opencart.tests.LoginTest@6ad82709]" started-at="2025-09-07T23:47:25 IST" name="tearDown" finished-at="2025-09-07T23:47:25 IST" duration-ms="544" status="PASS">
          <params>
            <param index="0">
              <value>
                <![CDATA[[TestResult name=testValidLogin status=SUCCESS method=LoginTest.testValidLogin()[pri:2, instance:com.opencart.tests.LoginTest@6ad82709] output={null}]]]>
              </value>
            </param>
          </params>
          <reporter-output>
          </reporter-output>
        </test-method> <!-- tearDown -->
      </class> <!-- com.opencart.tests.LoginTest -->
      <class name="com.opencart.tests.CheckoutTest">
        <test-method is-config="true" signature="setupReport()[pri:0, instance:com.opencart.tests.CheckoutTest@752325ad]" started-at="2025-09-07T23:47:04 IST" name="setupReport" finished-at="2025-09-07T23:47:05 IST" duration-ms="292" status="PASS">
          <reporter-output>
          </reporter-output>
        </test-method> <!-- setupReport -->
        <test-method is-config="true" signature="setup(java.lang.reflect.Method)[pri:0, instance:com.opencart.tests.CheckoutTest@752325ad]" started-at="2025-09-07T23:47:05 IST" name="setup" finished-at="2025-09-07T23:47:08 IST" duration-ms="3136" status="PASS">
          <params>
            <param index="0">
              <value>
                <![CDATA[public void com.opencart.tests.CheckoutTest.testCheckoutProcess()]]>
              </value>
            </param>
          </params>
          <reporter-output>
          </reporter-output>
        </test-method> <!-- setup -->
        <test-method signature="testCheckoutProcess()[pri:3, instance:com.opencart.tests.CheckoutTest@752325ad]" started-at="2025-09-07T23:47:08 IST" name="testCheckoutProcess" finished-at="2025-09-07T23:47:08 IST" duration-ms="456" status="PASS">
          <reporter-output>
          </reporter-output>
        </test-method> <!-- testCheckoutProcess -->
        <test-method is-config="true" signature="tearDown(org.testng.ITestResult)[pri:0, instance:com.opencart.tests.CheckoutTest@752325ad]" started-at="2025-09-07T23:47:08 IST" name="tearDown" finished-at="2025-09-07T23:47:09 IST" duration-ms="570" status="PASS">
          <params>
            <param index="0">
              <value>
                <![CDATA[[TestResult name=testCheckoutProcess status=SUCCESS method=CheckoutTest.testCheckoutProcess()[pri:3, instance:com.opencart.tests.CheckoutTest@752325ad] output={null}]]]>
              </value>
            </param>
          </params>
          <reporter-output>
          </reporter-output>
        </test-method> <!-- tearDown -->
        <test-method is-config="true" signature="flushReport()[pri:0, instance:com.opencart.tests.CheckoutTest@752325ad]" started-at="2025-09-07T23:47:25 IST" name="flushReport" finished-at="2025-09-07T23:47:25 IST" duration-ms="284" status="PASS">
          <reporter-output>
          </reporter-output>
        </test-method> <!-- flushReport -->
      </class> <!-- com.opencart.tests.CheckoutTest -->
      <class name="com.opencart.tests.AddToCartTest">
        <test-method is-config="true" signature="setup(java.lang.reflect.Method)[pri:0, instance:com.opencart.tests.AddToCartTest@1ff4931d]" started-at="2025-09-07T23:47:09 IST" name="setup" finished-at="2025-09-07T23:47:11 IST" duration-ms="1755" status="PASS">
          <params>
            <param index="0">
              <value>
                <![CDATA[public void com.opencart.tests.AddToCartTest.testAddProductToCart()]]>
              </value>
            </param>
          </params>
          <reporter-output>
          </reporter-output>
        </test-method> <!-- setup -->
        <test-method signature="testAddProductToCart()[pri:2, instance:com.opencart.tests.AddToCartTest@1ff4931d]" started-at="2025-09-07T23:47:11 IST" name="testAddProductToCart" finished-at="2025-09-07T23:47:12 IST" duration-ms="1153" status="PASS">
          <reporter-output>
          </reporter-output>
        </test-method> <!-- testAddProductToCart -->
        <test-method is-config="true" signature="tearDown(org.testng.ITestResult)[pri:0, instance:com.opencart.tests.AddToCartTest@1ff4931d]" started-at="2025-09-07T23:47:12 IST" name="tearDown" finished-at="2025-09-07T23:47:12 IST" duration-ms="539" status="PASS">
          <params>
            <param index="0">
              <value>
                <![CDATA[[TestResult name=testAddProductToCart status=SUCCESS method=AddToCartTest.testAddProductToCart()[pri:2, instance:com.opencart.tests.AddToCartTest@1ff4931d] output={null}]]]>
              </value>
            </param>
          </params>
          <reporter-output>
          </reporter-output>
        </test-method> <!-- tearDown -->
      </class> <!-- com.opencart.tests.AddToCartTest -->
      <class name="com.opencart.tests.RegisterTest">
        <test-method is-config="true" signature="setup(java.lang.reflect.Method)[pri:0, instance:com.opencart.tests.RegisterTest@65e98b1c]" started-at="2025-09-07T23:47:12 IST" name="setup" finished-at="2025-09-07T23:47:14 IST" duration-ms="1908" status="PASS">
          <params>
            <param index="0">
              <value>
                <![CDATA[public void com.opencart.tests.RegisterTest.testRegisterUser()]]>
              </value>
            </param>
          </params>
          <reporter-output>
          </reporter-output>
        </test-method> <!-- setup -->
        <test-method signature="testRegisterUser()[pri:1, instance:com.opencart.tests.RegisterTest@65e98b1c]" started-at="2025-09-07T23:47:14 IST" name="testRegisterUser" finished-at="2025-09-07T23:47:17 IST" duration-ms="2940" status="PASS">
          <reporter-output>
          </reporter-output>
        </test-method> <!-- testRegisterUser -->
        <test-method is-config="true" signature="tearDown(org.testng.ITestResult)[pri:0, instance:com.opencart.tests.RegisterTest@65e98b1c]" started-at="2025-09-07T23:47:17 IST" name="tearDown" finished-at="2025-09-07T23:47:18 IST" duration-ms="623" status="PASS">
          <params>
            <param index="0">
              <value>
                <![CDATA[[TestResult name=testRegisterUser status=SUCCESS method=RegisterTest.testRegisterUser()[pri:1, instance:com.opencart.tests.RegisterTest@65e98b1c] output={null}]]]>
              </value>
            </param>
          </params>
          <reporter-output>
          </reporter-output>
        </test-method> <!-- tearDown -->
      </class> <!-- com.opencart.tests.RegisterTest -->
    </test> <!-- Test -->
  </suite> <!-- Suite -->
</testng-results>
